DEPRECATION WARNING: Leaving `ActiveRecord::ConnectionAdapters::SQLite3Adapter.represent_boolean_as_integer`
set to false is deprecated. SQLite databases have used 't' and 'f' to serialize
boolean values and must have old data converted to 1 and 0 (its native boolean
serialization) before setting this flag to true. Conversion can be accomplished
by setting up a rake task which runs

  ExampleModel.where("boolean_column = 't'").update_all(boolean_column: 1)
  ExampleModel.where("boolean_column = 'f'").update_all(boolean_column: 0)

for all models and all boolean columns, after which the flag must be set to
true by adding the following to your application.rb file:

  Rails.application.config.active_record.sqlite3.represent_boolean_as_integer = true
 (called from load at /Users/sjohnson/.rbenv/versions/2.5.1/bin/rake:23)
  [1m[35m (0.4ms)[0m  [1m[34mSELECT sqlite_version(*)[0m
  ↳ /Users/sjohnson/.rbenv/versions/2.5.1/bin/rake:23
  [1m[35m (3.0ms)[0m  [1m[35mCREATE TABLE "schema_migrations" ("version" varchar NOT NULL PRIMARY KEY)[0m
  ↳ /Users/sjohnson/.rbenv/versions/2.5.1/bin/rake:23
  [1m[35m (1.8ms)[0m  [1m[35mCREATE TABLE "ar_internal_metadata" ("key" varchar NOT NULL PRIMARY KEY, "value" varchar, "created_at" datetime NOT NULL, "updated_at" datetime NOT NULL)[0m
  ↳ /Users/sjohnson/.rbenv/versions/2.5.1/bin/rake:23
  [1m[35m (0.2ms)[0m  [1m[34mSELECT "schema_migrations"."version" FROM "schema_migrations" ORDER BY "schema_migrations"."version" ASC[0m
  ↳ /Users/sjohnson/.rbenv/versions/2.5.1/bin/rake:23
Migrating to CreateUsers (20141215045143)
  [1m[35m (0.0ms)[0m  [1m[36mbegin transaction[0m
  ↳ /Users/sjohnson/.rbenv/versions/2.5.1/bin/rake:23
  [1m[35m (0.4ms)[0m  [1m[35mCREATE TABLE "users" ("id" integer PRIMARY KEY AUTOINCREMENT NOT NULL, "username" varchar, "email" varchar, "created_at" datetime NOT NULL, "updated_at" datetime NOT NULL)[0m
  ↳ db/migrate/20141215045143_create_users.rb:3
  [1m[36mActiveRecord::SchemaMigration Create (0.4ms)[0m  [1m[32mINSERT INTO "schema_migrations" ("version") VALUES (?)[0m  [["version", "20141215045143"]]
  ↳ /Users/sjohnson/.rbenv/versions/2.5.1/bin/rake:23
  [1m[35m (0.8ms)[0m  [1m[36mcommit transaction[0m
  ↳ /Users/sjohnson/.rbenv/versions/2.5.1/bin/rake:23
Migrating to CreatePosts (20141215051632)
  [1m[35m (0.0ms)[0m  [1m[36mbegin transaction[0m
  ↳ /Users/sjohnson/.rbenv/versions/2.5.1/bin/rake:23
  [1m[35m (0.4ms)[0m  [1m[35mCREATE TABLE "posts" ("id" integer PRIMARY KEY AUTOINCREMENT NOT NULL, "user_id" integer, "title" varchar, "body" varchar, "created_at" datetime NOT NULL, "updated_at" datetime NOT NULL)[0m
  ↳ db/migrate/20141215051632_create_posts.rb:3
  [1m[35m (0.1ms)[0m  [1m[35mCREATE  INDEX "index_posts_on_user_id" ON "posts" ("user_id")[0m
  ↳ db/migrate/20141215051632_create_posts.rb:3
  [1m[36mActiveRecord::SchemaMigration Create (0.2ms)[0m  [1m[32mINSERT INTO "schema_migrations" ("version") VALUES (?)[0m  [["version", "20141215051632"]]
  ↳ /Users/sjohnson/.rbenv/versions/2.5.1/bin/rake:23
  [1m[35m (1.3ms)[0m  [1m[36mcommit transaction[0m
  ↳ /Users/sjohnson/.rbenv/versions/2.5.1/bin/rake:23
  [1m[36mActiveRecord::InternalMetadata Load (0.1ms)[0m  [1m[34mSELECT  "ar_internal_metadata".* FROM "ar_internal_metadata" WHERE "ar_internal_metadata"."key" = ? LIMIT ?[0m  [["key", "environment"], ["LIMIT", 1]]
  ↳ /Users/sjohnson/.rbenv/versions/2.5.1/bin/rake:23
  [1m[35m (0.0ms)[0m  [1m[36mbegin transaction[0m
  ↳ /Users/sjohnson/.rbenv/versions/2.5.1/bin/rake:23
  [1m[36mActiveRecord::InternalMetadata Create (0.4ms)[0m  [1m[32mINSERT INTO "ar_internal_metadata" ("key", "value", "created_at", "updated_at") VALUES (?, ?, ?, ?)[0m  [["key", "environment"], ["value", "development"], ["created_at", "2019-03-27 17:20:08.764770"], ["updated_at", "2019-03-27 17:20:08.764770"]]
  ↳ /Users/sjohnson/.rbenv/versions/2.5.1/bin/rake:23
  [1m[35m (0.9ms)[0m  [1m[36mcommit transaction[0m
  ↳ /Users/sjohnson/.rbenv/versions/2.5.1/bin/rake:23
  [1m[35m (0.1ms)[0m  [1m[34mSELECT "schema_migrations"."version" FROM "schema_migrations" ORDER BY "schema_migrations"."version" ASC[0m
  ↳ /Users/sjohnson/.rbenv/versions/2.5.1/bin/rake:23
DEPRECATION WARNING: Leaving `ActiveRecord::ConnectionAdapters::SQLite3Adapter.represent_boolean_as_integer`
set to false is deprecated. SQLite databases have used 't' and 'f' to serialize
boolean values and must have old data converted to 1 and 0 (its native boolean
serialization) before setting this flag to true. Conversion can be accomplished
by setting up a rake task which runs

  ExampleModel.where("boolean_column = 't'").update_all(boolean_column: 1)
  ExampleModel.where("boolean_column = 'f'").update_all(boolean_column: 0)

for all models and all boolean columns, after which the flag must be set to
true by adding the following to your application.rb file:

  Rails.application.config.active_record.sqlite3.represent_boolean_as_integer = true
 (called from <top (required)> at /Users/sjohnson/fuzzygroup/seas/cas_seas3_rails_responders/spec/dummy/app/models/user.rb:1)
DEPRECATION WARNING: Leaving `ActiveRecord::ConnectionAdapters::SQLite3Adapter.represent_boolean_as_integer`
set to false is deprecated. SQLite databases have used 't' and 'f' to serialize
boolean values and must have old data converted to 1 and 0 (its native boolean
serialization) before setting this flag to true. Conversion can be accomplished
by setting up a rake task which runs

  ExampleModel.where("boolean_column = 't'").update_all(boolean_column: 1)
  ExampleModel.where("boolean_column = 'f'").update_all(boolean_column: 0)

for all models and all boolean columns, after which the flag must be set to
true by adding the following to your application.rb file:

  Rails.application.config.active_record.sqlite3.represent_boolean_as_integer = true
 (called from <top (required)> at /Users/sjohnson/fuzzygroup/seas/cas_seas3_rails_responders/spec/dummy/app/models/user.rb:1)
DEPRECATION WARNING: Leaving `ActiveRecord::ConnectionAdapters::SQLite3Adapter.represent_boolean_as_integer`
set to false is deprecated. SQLite databases have used 't' and 'f' to serialize
boolean values and must have old data converted to 1 and 0 (its native boolean
serialization) before setting this flag to true. Conversion can be accomplished
by setting up a rake task which runs

  ExampleModel.where("boolean_column = 't'").update_all(boolean_column: 1)
  ExampleModel.where("boolean_column = 'f'").update_all(boolean_column: 0)

for all models and all boolean columns, after which the flag must be set to
true by adding the following to your application.rb file:

  Rails.application.config.active_record.sqlite3.represent_boolean_as_integer = true
 (called from <top (required)> at /Users/sjohnson/fuzzygroup/seas/cas_seas3_rails_responders/spec/dummy/app/models/user.rb:1)
  [1m[35m (0.6ms)[0m  [1m[34mSELECT "schema_migrations"."version" FROM "schema_migrations" ORDER BY "schema_migrations"."version" ASC[0m
  ↳ /Users/sjohnson/.rbenv/versions/2.5.1/bin/rake:23
Migrating to AddDeviseToUsers (20150114204523)
  [1m[35m (0.1ms)[0m  [1m[36mbegin transaction[0m
  ↳ /Users/sjohnson/.rbenv/versions/2.5.1/bin/rake:23
  [1m[35m (0.6ms)[0m  [1m[35mALTER TABLE "users" ADD "encrypted_password" varchar DEFAULT '' NOT NULL[0m
  ↳ db/migrate/20150114204523_add_devise_to_users.rb:4
  [1m[35m (0.2ms)[0m  [1m[35mALTER TABLE "users" ADD "reset_password_token" varchar[0m
  ↳ db/migrate/20150114204523_add_devise_to_users.rb:7
  [1m[35m (0.2ms)[0m  [1m[35mALTER TABLE "users" ADD "reset_password_sent_at" datetime[0m
  ↳ db/migrate/20150114204523_add_devise_to_users.rb:8
  [1m[35m (0.2ms)[0m  [1m[35mALTER TABLE "users" ADD "remember_created_at" datetime[0m
  ↳ db/migrate/20150114204523_add_devise_to_users.rb:11
  [1m[35m (0.2ms)[0m  [1m[35mALTER TABLE "users" ADD "sign_in_count" integer DEFAULT 0 NOT NULL[0m
  ↳ db/migrate/20150114204523_add_devise_to_users.rb:14
  [1m[35m (0.1ms)[0m  [1m[35mALTER TABLE "users" ADD "current_sign_in_at" datetime[0m
  ↳ db/migrate/20150114204523_add_devise_to_users.rb:15
  [1m[35m (0.2ms)[0m  [1m[35mALTER TABLE "users" ADD "last_sign_in_at" datetime[0m
  ↳ db/migrate/20150114204523_add_devise_to_users.rb:16
  [1m[35m (0.2ms)[0m  [1m[35mALTER TABLE "users" ADD "current_sign_in_ip" varchar[0m
  ↳ db/migrate/20150114204523_add_devise_to_users.rb:17
  [1m[35m (0.2ms)[0m  [1m[35mALTER TABLE "users" ADD "last_sign_in_ip" varchar[0m
  ↳ db/migrate/20150114204523_add_devise_to_users.rb:18
  [1m[35m (0.0ms)[0m  [1m[34mSELECT sqlite_version(*)[0m
  ↳ db/migrate/20150114204523_add_devise_to_users.rb:36
  [1m[35m (0.4ms)[0m  [1m[35mCREATE UNIQUE INDEX "index_users_on_email" ON "users" ("email")[0m
  ↳ db/migrate/20150114204523_add_devise_to_users.rb:36
  [1m[35m (0.1ms)[0m  [1m[35mCREATE UNIQUE INDEX "index_users_on_reset_password_token" ON "users" ("reset_password_token")[0m
  ↳ db/migrate/20150114204523_add_devise_to_users.rb:37
  [1m[36mActiveRecord::SchemaMigration Create (0.4ms)[0m  [1m[32mINSERT INTO "schema_migrations" ("version") VALUES (?)[0m  [["version", "20150114204523"]]
  ↳ /Users/sjohnson/.rbenv/versions/2.5.1/bin/rake:23
  [1m[35m (1.0ms)[0m  [1m[36mcommit transaction[0m
  ↳ /Users/sjohnson/.rbenv/versions/2.5.1/bin/rake:23
  [1m[36mActiveRecord::InternalMetadata Load (0.6ms)[0m  [1m[34mSELECT  "ar_internal_metadata".* FROM "ar_internal_metadata" WHERE "ar_internal_metadata"."key" = ? LIMIT ?[0m  [["key", "environment"], ["LIMIT", 1]]
  ↳ /Users/sjohnson/.rbenv/versions/2.5.1/bin/rake:23
  [1m[35m (0.1ms)[0m  [1m[36mbegin transaction[0m
  ↳ /Users/sjohnson/.rbenv/versions/2.5.1/bin/rake:23
  [1m[35m (0.0ms)[0m  [1m[36mcommit transaction[0m
  ↳ /Users/sjohnson/.rbenv/versions/2.5.1/bin/rake:23
  [1m[35m (0.1ms)[0m  [1m[34mSELECT "schema_migrations"."version" FROM "schema_migrations" ORDER BY "schema_migrations"."version" ASC[0m
  ↳ /Users/sjohnson/.rbenv/versions/2.5.1/bin/rake:23
DEPRECATION WARNING: Leaving `ActiveRecord::ConnectionAdapters::SQLite3Adapter.represent_boolean_as_integer`
set to false is deprecated. SQLite databases have used 't' and 'f' to serialize
boolean values and must have old data converted to 1 and 0 (its native boolean
serialization) before setting this flag to true. Conversion can be accomplished
by setting up a rake task which runs

  ExampleModel.where("boolean_column = 't'").update_all(boolean_column: 1)
  ExampleModel.where("boolean_column = 'f'").update_all(boolean_column: 0)

for all models and all boolean columns, after which the flag must be set to
true by adding the following to your application.rb file:

  Rails.application.config.active_record.sqlite3.represent_boolean_as_integer = true
 (called from <top (required)> at /Users/sjohnson/fuzzygroup/seas/cas_seas3_rails_responders/spec/dummy/app/models/user.rb:1)
DEPRECATION WARNING: Leaving `ActiveRecord::ConnectionAdapters::SQLite3Adapter.represent_boolean_as_integer`
set to false is deprecated. SQLite databases have used 't' and 'f' to serialize
boolean values and must have old data converted to 1 and 0 (its native boolean
serialization) before setting this flag to true. Conversion can be accomplished
by setting up a rake task which runs

  ExampleModel.where("boolean_column = 't'").update_all(boolean_column: 1)
  ExampleModel.where("boolean_column = 'f'").update_all(boolean_column: 0)

for all models and all boolean columns, after which the flag must be set to
true by adding the following to your application.rb file:

  Rails.application.config.active_record.sqlite3.represent_boolean_as_integer = true
 (called from <top (required)> at /Users/sjohnson/fuzzygroup/seas/cas_seas3_rails_responders/spec/dummy/app/models/user.rb:1)
  [1m[35m (0.3ms)[0m  [1m[34mSELECT "schema_migrations"."version" FROM "schema_migrations" ORDER BY "schema_migrations"."version" ASC[0m
  ↳ /Users/sjohnson/.rbenv/versions/2.5.1/bin/rake:23
  [1m[35m (0.1ms)[0m  [1m[34mSELECT "schema_migrations"."version" FROM "schema_migrations" ORDER BY "schema_migrations"."version" ASC[0m
  ↳ /Users/sjohnson/.rbenv/versions/2.5.1/bin/rake:23
  [1m[35m (0.1ms)[0m  [1m[34mSELECT "schema_migrations"."version" FROM "schema_migrations" ORDER BY "schema_migrations"."version" ASC[0m
  ↳ /Users/sjohnson/.rbenv/versions/2.5.1/bin/rake:23
  [1m[35m (0.1ms)[0m  [1m[34mSELECT "schema_migrations"."version" FROM "schema_migrations" ORDER BY "schema_migrations"."version" ASC[0m
  ↳ /Users/sjohnson/.rbenv/versions/2.5.1/bin/rake:23
Migrating to AddDeviseToUsers (20150114204523)
  [1m[35m (0.1ms)[0m  [1m[36mbegin transaction[0m
  ↳ /Users/sjohnson/.rbenv/versions/2.5.1/bin/rake:23
  [1m[35m (0.0ms)[0m  [1m[31mrollback transaction[0m
  ↳ /Users/sjohnson/.rbenv/versions/2.5.1/bin/rake:23
DEPRECATION WARNING: Leaving `ActiveRecord::ConnectionAdapters::SQLite3Adapter.represent_boolean_as_integer`
set to false is deprecated. SQLite databases have used 't' and 'f' to serialize
boolean values and must have old data converted to 1 and 0 (its native boolean
serialization) before setting this flag to true. Conversion can be accomplished
by setting up a rake task which runs

  ExampleModel.where("boolean_column = 't'").update_all(boolean_column: 1)
  ExampleModel.where("boolean_column = 'f'").update_all(boolean_column: 0)

for all models and all boolean columns, after which the flag must be set to
true by adding the following to your application.rb file:

  Rails.application.config.active_record.sqlite3.represent_boolean_as_integer = true
 (called from <top (required)> at /Users/sjohnson/fuzzygroup/seas/cas_seas3_rails_responders/spec/dummy/app/models/user.rb:1)
  [1m[35m (0.4ms)[0m  [1m[34mSELECT "schema_migrations"."version" FROM "schema_migrations" ORDER BY "schema_migrations"."version" ASC[0m
  ↳ /Users/sjohnson/.rbenv/versions/2.5.1/bin/rake:23
  [1m[35m (0.8ms)[0m  [1m[34mSELECT "ar_internal_metadata"."value" FROM "ar_internal_metadata" WHERE "ar_internal_metadata"."key" = ?[0m  [["key", "environment"]]
  ↳ /Users/sjohnson/.rbenv/versions/2.5.1/bin/rake:23
  [1m[35m (0.1ms)[0m  [1m[34mSELECT "schema_migrations"."version" FROM "schema_migrations" ORDER BY "schema_migrations"."version" ASC[0m
  ↳ /Users/sjohnson/.rbenv/versions/2.5.1/bin/rake:23
  [1m[35m (0.1ms)[0m  [1m[34mSELECT "ar_internal_metadata"."value" FROM "ar_internal_metadata" WHERE "ar_internal_metadata"."key" = ?[0m  [["key", "environment"]]
  ↳ /Users/sjohnson/.rbenv/versions/2.5.1/bin/rake:23
  [1m[35m (0.1ms)[0m  [1m[34mSELECT "schema_migrations"."version" FROM "schema_migrations" ORDER BY "schema_migrations"."version" ASC[0m
  ↳ /Users/sjohnson/.rbenv/versions/2.5.1/bin/rake:23
  [1m[35m (0.1ms)[0m  [1m[34mSELECT "ar_internal_metadata"."value" FROM "ar_internal_metadata" WHERE "ar_internal_metadata"."key" = ?[0m  [["key", "environment"]]
  ↳ /Users/sjohnson/.rbenv/versions/2.5.1/bin/rake:23
DEPRECATION WARNING: Leaving `ActiveRecord::ConnectionAdapters::SQLite3Adapter.represent_boolean_as_integer`
set to false is deprecated. SQLite databases have used 't' and 'f' to serialize
boolean values and must have old data converted to 1 and 0 (its native boolean
serialization) before setting this flag to true. Conversion can be accomplished
by setting up a rake task which runs

  ExampleModel.where("boolean_column = 't'").update_all(boolean_column: 1)
  ExampleModel.where("boolean_column = 'f'").update_all(boolean_column: 0)

for all models and all boolean columns, after which the flag must be set to
true by adding the following to your application.rb file:

  Rails.application.config.active_record.sqlite3.represent_boolean_as_integer = true
 (called from <top (required)> at /Users/sjohnson/fuzzygroup/seas/cas_seas3_rails_responders/spec/dummy/app/models/user.rb:1)
DEPRECATION WARNING: Leaving `ActiveRecord::ConnectionAdapters::SQLite3Adapter.represent_boolean_as_integer`
set to false is deprecated. SQLite databases have used 't' and 'f' to serialize
boolean values and must have old data converted to 1 and 0 (its native boolean
serialization) before setting this flag to true. Conversion can be accomplished
by setting up a rake task which runs

  ExampleModel.where("boolean_column = 't'").update_all(boolean_column: 1)
  ExampleModel.where("boolean_column = 'f'").update_all(boolean_column: 0)

for all models and all boolean columns, after which the flag must be set to
true by adding the following to your application.rb file:

  Rails.application.config.active_record.sqlite3.represent_boolean_as_integer = true
 (called from <top (required)> at /Users/sjohnson/fuzzygroup/seas/cas_seas3_rails_responders/spec/dummy/app/models/user.rb:1)
  [1m[35m (0.3ms)[0m  [1m[34mSELECT sqlite_version(*)[0m
  ↳ /Users/sjohnson/.rbenv/versions/2.5.1/bin/rake:23
  [1m[35m (2.4ms)[0m  [1m[35mCREATE TABLE "schema_migrations" ("version" varchar NOT NULL PRIMARY KEY)[0m
  ↳ /Users/sjohnson/.rbenv/versions/2.5.1/bin/rake:23
  [1m[35m (1.0ms)[0m  [1m[35mCREATE TABLE "ar_internal_metadata" ("key" varchar NOT NULL PRIMARY KEY, "value" varchar, "created_at" datetime NOT NULL, "updated_at" datetime NOT NULL)[0m
  ↳ /Users/sjohnson/.rbenv/versions/2.5.1/bin/rake:23
  [1m[35m (0.1ms)[0m  [1m[34mSELECT "schema_migrations"."version" FROM "schema_migrations" ORDER BY "schema_migrations"."version" ASC[0m
  ↳ /Users/sjohnson/.rbenv/versions/2.5.1/bin/rake:23
Migrating to CreateUsers (20141215045143)
  [1m[35m (0.0ms)[0m  [1m[36mbegin transaction[0m
  ↳ /Users/sjohnson/.rbenv/versions/2.5.1/bin/rake:23
  [1m[35m (0.4ms)[0m  [1m[35mCREATE TABLE "users" ("id" integer PRIMARY KEY AUTOINCREMENT NOT NULL, "username" varchar, "email" varchar, "created_at" datetime NOT NULL, "updated_at" datetime NOT NULL)[0m
  ↳ db/migrate/20141215045143_create_users.rb:3
  [1m[36mActiveRecord::SchemaMigration Create (0.2ms)[0m  [1m[32mINSERT INTO "schema_migrations" ("version") VALUES (?)[0m  [["version", "20141215045143"]]
  ↳ /Users/sjohnson/.rbenv/versions/2.5.1/bin/rake:23
  [1m[35m (0.8ms)[0m  [1m[36mcommit transaction[0m
  ↳ /Users/sjohnson/.rbenv/versions/2.5.1/bin/rake:23
Migrating to CreatePosts (20141215051632)
  [1m[35m (0.0ms)[0m  [1m[36mbegin transaction[0m
  ↳ /Users/sjohnson/.rbenv/versions/2.5.1/bin/rake:23
  [1m[35m (0.3ms)[0m  [1m[35mCREATE TABLE "posts" ("id" integer PRIMARY KEY AUTOINCREMENT NOT NULL, "user_id" integer, "title" varchar, "body" varchar, "created_at" datetime NOT NULL, "updated_at" datetime NOT NULL)[0m
  ↳ db/migrate/20141215051632_create_posts.rb:3
  [1m[35m (0.2ms)[0m  [1m[35mCREATE  INDEX "index_posts_on_user_id" ON "posts" ("user_id")[0m
  ↳ db/migrate/20141215051632_create_posts.rb:3
  [1m[36mActiveRecord::SchemaMigration Create (0.2ms)[0m  [1m[32mINSERT INTO "schema_migrations" ("version") VALUES (?)[0m  [["version", "20141215051632"]]
  ↳ /Users/sjohnson/.rbenv/versions/2.5.1/bin/rake:23
  [1m[35m (0.9ms)[0m  [1m[36mcommit transaction[0m
  ↳ /Users/sjohnson/.rbenv/versions/2.5.1/bin/rake:23
Migrating to AddDeviseToUsers (20150114204523)
  [1m[35m (0.0ms)[0m  [1m[36mbegin transaction[0m
  ↳ /Users/sjohnson/.rbenv/versions/2.5.1/bin/rake:23
  [1m[35m (0.4ms)[0m  [1m[35mALTER TABLE "users" ADD "encrypted_password" varchar DEFAULT '' NOT NULL[0m
  ↳ db/migrate/20150114204523_add_devise_to_users.rb:4
  [1m[35m (0.2ms)[0m  [1m[35mALTER TABLE "users" ADD "reset_password_token" varchar[0m
  ↳ db/migrate/20150114204523_add_devise_to_users.rb:7
  [1m[35m (0.2ms)[0m  [1m[35mALTER TABLE "users" ADD "reset_password_sent_at" datetime[0m
  ↳ db/migrate/20150114204523_add_devise_to_users.rb:8
  [1m[35m (0.2ms)[0m  [1m[35mALTER TABLE "users" ADD "remember_created_at" datetime[0m
  ↳ db/migrate/20150114204523_add_devise_to_users.rb:11
  [1m[35m (0.2ms)[0m  [1m[35mALTER TABLE "users" ADD "sign_in_count" integer DEFAULT 0 NOT NULL[0m
  ↳ db/migrate/20150114204523_add_devise_to_users.rb:14
  [1m[35m (0.2ms)[0m  [1m[35mALTER TABLE "users" ADD "current_sign_in_at" datetime[0m
  ↳ db/migrate/20150114204523_add_devise_to_users.rb:15
  [1m[35m (0.2ms)[0m  [1m[35mALTER TABLE "users" ADD "last_sign_in_at" datetime[0m
  ↳ db/migrate/20150114204523_add_devise_to_users.rb:16
  [1m[35m (0.2ms)[0m  [1m[35mALTER TABLE "users" ADD "current_sign_in_ip" varchar[0m
  ↳ db/migrate/20150114204523_add_devise_to_users.rb:17
  [1m[35m (0.2ms)[0m  [1m[35mALTER TABLE "users" ADD "last_sign_in_ip" varchar[0m
  ↳ db/migrate/20150114204523_add_devise_to_users.rb:18
  [1m[35m (0.2ms)[0m  [1m[35mALTER TABLE "users" ADD "token_expires_at" datetime[0m
  ↳ db/migrate/20150114204523_add_devise_to_users.rb:19
  [1m[35m (0.1ms)[0m  [1m[35mCREATE UNIQUE INDEX "index_users_on_email" ON "users" ("email")[0m
  ↳ db/migrate/20150114204523_add_devise_to_users.rb:37
  [1m[35m (0.1ms)[0m  [1m[35mCREATE UNIQUE INDEX "index_users_on_reset_password_token" ON "users" ("reset_password_token")[0m
  ↳ db/migrate/20150114204523_add_devise_to_users.rb:38
  [1m[36mActiveRecord::SchemaMigration Create (0.1ms)[0m  [1m[32mINSERT INTO "schema_migrations" ("version") VALUES (?)[0m  [["version", "20150114204523"]]
  ↳ /Users/sjohnson/.rbenv/versions/2.5.1/bin/rake:23
  [1m[35m (1.3ms)[0m  [1m[36mcommit transaction[0m
  ↳ /Users/sjohnson/.rbenv/versions/2.5.1/bin/rake:23
  [1m[36mActiveRecord::InternalMetadata Load (0.1ms)[0m  [1m[34mSELECT  "ar_internal_metadata".* FROM "ar_internal_metadata" WHERE "ar_internal_metadata"."key" = ? LIMIT ?[0m  [["key", "environment"], ["LIMIT", 1]]
  ↳ /Users/sjohnson/.rbenv/versions/2.5.1/bin/rake:23
  [1m[35m (0.0ms)[0m  [1m[36mbegin transaction[0m
  ↳ /Users/sjohnson/.rbenv/versions/2.5.1/bin/rake:23
  [1m[36mActiveRecord::InternalMetadata Create (0.4ms)[0m  [1m[32mINSERT INTO "ar_internal_metadata" ("key", "value", "created_at", "updated_at") VALUES (?, ?, ?, ?)[0m  [["key", "environment"], ["value", "development"], ["created_at", "2019-03-27 19:47:02.628773"], ["updated_at", "2019-03-27 19:47:02.628773"]]
  ↳ /Users/sjohnson/.rbenv/versions/2.5.1/bin/rake:23
  [1m[35m (1.0ms)[0m  [1m[36mcommit transaction[0m
  ↳ /Users/sjohnson/.rbenv/versions/2.5.1/bin/rake:23
  [1m[35m (0.1ms)[0m  [1m[34mSELECT "schema_migrations"."version" FROM "schema_migrations" ORDER BY "schema_migrations"."version" ASC[0m
  ↳ /Users/sjohnson/.rbenv/versions/2.5.1/bin/rake:23
DEPRECATION WARNING: Leaving `ActiveRecord::ConnectionAdapters::SQLite3Adapter.represent_boolean_as_integer`
set to false is deprecated. SQLite databases have used 't' and 'f' to serialize
boolean values and must have old data converted to 1 and 0 (its native boolean
serialization) before setting this flag to true. Conversion can be accomplished
by setting up a rake task which runs

  ExampleModel.where("boolean_column = 't'").update_all(boolean_column: 1)
  ExampleModel.where("boolean_column = 'f'").update_all(boolean_column: 0)

for all models and all boolean columns, after which the flag must be set to
true by adding the following to your application.rb file:

  Rails.application.config.active_record.sqlite3.represent_boolean_as_integer = true
 (called from <top (required)> at /Users/sjohnson/fuzzygroup/seas/cas_seas3_rails_responders/spec/dummy/app/models/user.rb:1)
